2025-04-06T11:02:19.125+05:30 DEBUG 7788 --- [EmployeeManagementSystem] [http-nio-8080-exec-10] o.s.s.a.dao.DaoAuthenticationProvider    : Authenticated user
2025-04-06T11:02:19.125+05:30 DEBUG 7788 --- [EmployeeManagementSystem] [http-nio-8080-exec-10] o.s.s.w.a.www.BasicAuthenticationFilter  : Set SecurityContextHolder to UsernamePasswordAuthenticationToken [Principal=org.springframework.security.core.userdetails.User [Username=arul@gmail.com, Password=[PROTECTED], Enabled=true, AccountNonExpired=true, CredentialsNonExpired=true, AccountNonLocked=true, Granted Authorities=[ROLE_MANAGER]], Credentials=[PROTECTED], Authenticated=true, Details=WebAuthenticationDetails [RemoteIpAddress=0:0:0:0:0:0:0:1, SessionId=D1C3ED8720B67C8D0A6443B17C3F5BAB], Granted Authorities=[ROLE_MANAGER]]
2025-04-06T11:02:19.125+05:30 DEBUG 7788 --- [EmployeeManagementSystem] [http-nio-8080-exec-10] o.s.security.web.FilterChainProxy        : Secured GET /reports/total-salary-by-department
2025-04-06T11:02:19.125+05:30  INFO 7788 --- [EmployeeManagementSystem] [http-nio-8080-exec-10] c.e.e.controller.ReportController        : Request to get total salary by department from user: arul@gmail.com
2025-04-06T11:02:19.143+05:30 DEBUG 7788 --- [EmployeeManagementSystem] [http-nio-8080-exec-10] org.hibernate.SQL                        : select r1_0.name from role r1_0 join user_roles u1_0 on r1_0.id=u1_0.role_id join user u1_1 on u1_1.id=u1_0.user_id where u1_1.username=?
2025-04-06T11:02:19.143+05:30  INFO 7788 --- [EmployeeManagementSystem] [http-nio-8080-exec-10] c.e.e.service.EmployeeService            : Fetched role for user arul@gmail.com: ROLE_MANAGER
2025-04-06T11:02:19.143+05:30  INFO 7788 --- [EmployeeManagementSystem] [http-nio-8080-exec-10] c.e.e.service.ReportService              : Generating salary report by department for role: MANAGER
2025-04-06T11:02:19.143+05:30 DEBUG 7788 --- [EmployeeManagementSystem] [http-nio-8080-exec-10] org.hibernate.SQL                        : select d1_0.name,count(e1_0.id),avg(e1_0.salary),sum(e1_0.salary) from employee e1_0 join department d1_0 on d1_0.id=e1_0.department_id join user m1_0 on m1_0.id=d1_0.manager_id where m1_0.username=? group by d1_0.name
2025-04-06T11:02:32.793+05:30 DEBUG 7788 --- [EmployeeManagementSystem] [http-nio-8080-exec-3] o.s.security.web.FilterChainProxy        : Securing GET /reports/total-employees
2025-04-06T11:02:32.793+05:30  INFO 7788 --- [EmployeeManagementSystem] [http-nio-8080-exec-3] c.e.e.service.CustomUserDetailsService   : Loading user by username: arul@gmail.com
2025-04-06T11:02:32.796+05:30 DEBUG 7788 --- [EmployeeManagementSystem] [http-nio-8080-exec-3] org.hibernate.SQL                        : select u1_0.id,u1_0.password,u1_0.username from user u1_0 where u1_0.username=?
2025-04-06T11:02:32.796+05:30 DEBUG 7788 --- [EmployeeManagementSystem] [http-nio-8080-exec-3] org.hibernate.SQL                        : select r1_0.user_id,r1_1.id,r1_1.name from user_roles r1_0 join role r1_1 on r1_1.id=r1_0.role_id where r1_0.user_id=?
2025-04-06T11:02:33.357+05:30 DEBUG 7788 --- [EmployeeManagementSystem] [http-nio-8080-exec-3] o.s.s.a.dao.DaoAuthenticationProvider    : Authenticated user
2025-04-06T11:02:33.358+05:30 DEBUG 7788 --- [EmployeeManagementSystem] [http-nio-8080-exec-3] o.s.s.w.a.www.BasicAuthenticationFilter  : Set SecurityContextHolder to UsernamePasswordAuthenticationToken [Principal=org.springframework.security.core.userdetails.User [Username=arul@gmail.com, Password=[PROTECTED], Enabled=true, AccountNonExpired=true, CredentialsNonExpired=true, AccountNonLocked=true, Granted Authorities=[ROLE_MANAGER]], Credentials=[PROTECTED], Authenticated=true, Details=WebAuthenticationDetails [RemoteIpAddress=0:0:0:0:0:0:0:1, SessionId=D1C3ED8720B67C8D0A6443B17C3F5BAB], Granted Authorities=[ROLE_MANAGER]]
2025-04-06T11:02:33.359+05:30 DEBUG 7788 --- [EmployeeManagementSystem] [http-nio-8080-exec-3] o.s.security.web.FilterChainProxy        : Secured GET /reports/total-employees
2025-04-06T11:02:33.359+05:30  INFO 7788 --- [EmployeeManagementSystem] [http-nio-8080-exec-3] c.e.e.controller.ReportController        : Request to get total number of employees
2025-04-06T11:02:33.360+05:30  INFO 7788 --- [EmployeeManagementSystem] [http-nio-8080-exec-3] c.e.e.service.ReportService              : Fetching total number of employees
2025-04-06T11:02:33.362+05:30 DEBUG 7788 --- [EmployeeManagementSystem] [http-nio-8080-exec-3] org.hibernate.SQL                        : select count(e1_0.id) from employee e1_0
2025-04-06T11:02:45.558+05:30 DEBUG 7788 --- [EmployeeManagementSystem] [http-nio-8080-exec-4] o.s.security.web.FilterChainProxy        : Securing GET /reports/employees-by-gender
2025-04-06T11:02:45.559+05:30  INFO 7788 --- [EmployeeManagementSystem] [http-nio-8080-exec-4] c.e.e.service.CustomUserDetailsService   : Loading user by username: arul@gmail.com
2025-04-06T11:02:45.560+05:30 DEBUG 7788 --- [EmployeeManagementSystem] [http-nio-8080-exec-4] org.hibernate.SQL                        : select u1_0.id,u1_0.password,u1_0.username from user u1_0 where u1_0.username=?
2025-04-06T11:02:45.560+05:30 DEBUG 7788 --- [EmployeeManagementSystem] [http-nio-8080-exec-4] org.hibernate.SQL                        : select r1_0.user_id,r1_1.id,r1_1.name from user_roles r1_0 join role r1_1 on r1_1.id=r1_0.role_id where r1_0.user_id=?
2025-04-06T11:02:46.128+05:30 DEBUG 7788 --- [EmployeeManagementSystem] [http-nio-8080-exec-4] o.s.s.a.dao.DaoAuthenticationProvider    : Authenticated user
2025-04-06T11:02:46.128+05:30 DEBUG 7788 --- [EmployeeManagementSystem] [http-nio-8080-exec-4] o.s.s.w.a.www.BasicAuthenticationFilter  : Set SecurityContextHolder to UsernamePasswordAuthenticationToken [Principal=org.springframework.security.core.userdetails.User [Username=arul@gmail.com, Password=[PROTECTED], Enabled=true, AccountNonExpired=true, CredentialsNonExpired=true, AccountNonLocked=true, Granted Authorities=[ROLE_MANAGER]], Credentials=[PROTECTED], Authenticated=true, Details=WebAuthenticationDetails [RemoteIpAddress=0:0:0:0:0:0:0:1, SessionId=D1C3ED8720B67C8D0A6443B17C3F5BAB], Granted Authorities=[ROLE_MANAGER]]
2025-04-06T11:02:46.128+05:30 DEBUG 7788 --- [EmployeeManagementSystem] [http-nio-8080-exec-4] o.s.security.web.FilterChainProxy        : Secured GET /reports/employees-by-gender
2025-04-06T11:02:46.128+05:30  INFO 7788 --- [EmployeeManagementSystem] [http-nio-8080-exec-4] c.e.e.controller.ReportController        : Request to get employees by gender
2025-04-06T11:02:46.128+05:30  INFO 7788 --- [EmployeeManagementSystem] [http-nio-8080-exec-4] c.e.e.service.ReportService              : Generating report: employees by gender
2025-04-06T11:02:46.128+05:30 DEBUG 7788 --- [EmployeeManagementSystem] [http-nio-8080-exec-4] org.hibernate.SQL                        : select e1_0.gender,count(e1_0.id),coalesce(avg(e1_0.salary),0),sum(e1_0.salary) from employee e1_0 group by e1_0.gender
2025-04-06T11:03:31.677+05:30  INFO 7788 --- [EmployeeManagementSystem] [RMI TCP Connection(44)-127.0.0.1] inMXBeanRegistrar$SpringApplicationAdmin : Application shutdown requested.
2025-04-06T11:03:31.688+05:30  INFO 7788 --- [EmployeeManagementSystem] [RMI TCP Connection(44)-127.0.0.1] o.s.b.w.e.tomcat.GracefulShutdown        : Commencing graceful shutdown. Waiting for active requests to complete
2025-04-06T11:03:31.931+05:30  INFO 7788 --- [EmployeeManagementSystem] [tomcat-shutdown] o.s.b.w.e.tomcat.GracefulShutdown        : Graceful shutdown complete
2025-04-06T11:03:31.955+05:30  INFO 7788 --- [EmployeeManagementSystem] [RMI TCP Connection(44)-127.0.0.1] j.LocalContainerEntityManagerFactoryBean : Closing JPA EntityManagerFactory for persistence unit 'default'
2025-04-06T11:03:31.967+05:30  INFO 7788 --- [EmployeeManagementSystem] [RMI TCP Connection(44)-127.0.0.1] com.zaxxer.hikari.HikariDataSource       : HikariPool-1 - Shutdown initiated...
2025-04-06T11:03:31.995+05:30  INFO 7788 --- [EmployeeManagementSystem] [RMI TCP Connection(44)-127.0.0.1] com.zaxxer.hikari.HikariDataSource       : HikariPool-1 - Shutdown completed.
2025-04-06T16:00:04.282+05:30  INFO 18080 --- [EmployeeManagementSystem] [main] .e.e.EmployeeManagementSystemApplication : Starting EmployeeManagementSystemApplication using Java 21.0.5 with PID 18080 (C:\Users\welcome\eclipse-workspace\EmployeeManagementSystem\target\classes started by welcome in C:\Users\welcome\eclipse-workspace\EmployeeManagementSystem)
2025-04-06T16:00:04.286+05:30 DEBUG 18080 --- [EmployeeManagementSystem] [main] .e.e.EmployeeManagementSystemApplication : Running with Spring Boot v3.4.4, Spring v6.2.5
2025-04-06T16:00:04.290+05:30  INFO 18080 --- [EmployeeManagementSystem] [main] .e.e.EmployeeManagementSystemApplication : No active profile set, falling back to 1 default profile: "default"
2025-04-06T16:00:07.477+05:30  INFO 18080 --- [EmployeeManagementSystem] [main] .s.d.r.c.RepositoryConfigurationDelegate : Bootstrapping Spring Data JPA repositories in DEFAULT mode.
2025-04-06T16:00:07.624+05:30  INFO 18080 --- [EmployeeManagementSystem] [main] .s.d.r.c.RepositoryConfigurationDelegate : Finished Spring Data repository scanning in 107 ms. Found 4 JPA repository interfaces.
2025-04-06T16:00:08.996+05:30  INFO 18080 --- [EmployeeManagementSystem] [main] o.s.b.w.embedded.tomcat.TomcatWebServer  : Tomcat initialized with port 8080 (http)
2025-04-06T16:00:09.027+05:30  INFO 18080 --- [EmployeeManagementSystem] [main] o.apache.catalina.core.StandardService   : Starting service [Tomcat]
2025-04-06T16:00:09.029+05:30  INFO 18080 --- [EmployeeManagementSystem] [main] o.apache.catalina.core.StandardEngine    : Starting Servlet engine: [Apache Tomcat/10.1.39]
2025-04-06T16:00:09.258+05:30  INFO 18080 --- [EmployeeManagementSystem] [main] o.a.c.c.C.[Tomcat].[localhost].[/]       : Initializing Spring embedded WebApplicationContext
2025-04-06T16:00:09.260+05:30  INFO 18080 --- [EmployeeManagementSystem] [main] w.s.c.ServletWebServerApplicationContext : Root WebApplicationContext: initialization completed in 4701 ms
2025-04-06T16:00:09.821+05:30  INFO 18080 --- [EmployeeManagementSystem] [main] o.hibernate.jpa.internal.util.LogHelper  : HHH000204: Processing PersistenceUnitInfo [name: default]
